AgeITSMobile/android/app/build/outputs/mapping/release/mapping.txt
# compiler: R8
# compiler_version: 1.4.94
# min_api: 16
com.hipp.MainActivity -> com.hipp.MainActivity:
    java.lang.String getMainComponentName() -> n
com.hipp.MainApplication -> com.hipp.MainApplication:
    com.facebook.react.ReactNativeHost mReactNativeHost -> a
    com.facebook.react.ReactNativeHost getReactNativeHost() -> a
com.hipp.MainApplication$1 -> com.hipp.a:
    com.hipp.MainApplication this$0 -> c
    java.lang.String getJSMainModuleName() -> f
    java.util.List getPackages() -> h
    boolean getUseDeveloperSupport() -> l
...
com.facebook.imagepipeline.nativecode.NativeFiltersLoader -> com.facebook.imagepipeline.nativecode.b:
    void load() -> a
com.facebook.imagepipeline.nativecode.NativeImageTranscoderFactory -> com.facebook.imagepipeline.nativecode.c:
    com.facebook.imagepipeline.transcoder.ImageTranscoderFactory getNativeImageTranscoderFactory(int,boolean) -> a
com.facebook.imagepipeline.nativecode.NativeJpegTranscoder -> com.facebook.imagepipeline.nativecode.NativeJpegTranscoder:
    boolean mResizingEnabled -> a
    int mMaxBitmapSize -> b
    boolean mUseDownsamplingRatio -> c
    boolean canResize(com.facebook.imagepipeline.image.EncodedImage,com.facebook.imagepipeline.common.RotationOptions,com.facebook.imagepipeline.common.ResizeOptions) -> a
    boolean canTranscode(com.facebook.imageformat.ImageFormat) -> a
    java.lang.String getIdentifier() -> a
    com.facebook.imagepipeline.transcoder.ImageTranscodeResult transcode(com.facebook.imagepipeline.image.EncodedImage,java.io.OutputStream,com.facebook.imagepipeline.common.RotationOptions,com.facebook.imagepipeline.common.ResizeOptions,com.facebook.imageformat.ImageFormat,java.lang.Integer) -> a
    void transcodeJpeg(java.io.InputStream,java.io.OutputStream,int,int,int) -> a
    void transcodeJpegWithExifOrientation(java.io.InputStream,java.io.OutputStream,int,int,int) -> b
com.facebook.imagepipeline.nativecode.NativeJpegTranscoderFactory -> com.facebook.imagepipeline.nativecode.NativeJpegTranscoderFactory:
    boolean mUseDownSamplingRatio -> b
    int mMaxBitmapSize -> a
com.facebook.imagepipeline.nativecode.NativeJpegTranscoderSoLoader -> com.facebook.imagepipeline.nativecode.d:
    boolean sInitialized -> a
    void ensure() -> a
com.facebook.imagepipeline.nativecode.WebpTranscoder -> com.facebook.imagepipeline.nativecode.e:
    boolean isWebpNativelySupported(com.facebook.imageformat.ImageFormat) -> a
    void transcodeWebpToJpeg(java.io.InputStream,java.io.OutputStream,int) -> a
    void transcodeWebpToPng(java.io.InputStream,java.io.OutputStream) -> a
com.facebook.imagepipeline.nativecode.WebpTranscoderFactory -> com.facebook.imagepipeline.nativecode.f:
    com.facebook.imagepipeline.nativecode.WebpTranscoder sWebpTranscoder -> a
    boolean sWebpTranscoderPresent -> b
    com.facebook.imagepipeline.nativecode.WebpTranscoder getWebpTranscoder() -> a
com.facebook.imagepipeline.platform.ArtDecoder -> com.facebook.imagepipeline.platform.a:
    int getBitmapSize(int,int,android.graphics.BitmapFactory$Options) -> a
com.facebook.imagepipeline.platform.DefaultDecoder -> com.facebook.imagepipeline.platform.b:
    androidx.core.util.Pools$SynchronizedPool mDecodeBuffers -> e
    byte[] EOI_TAIL -> b
    com.facebook.imagepipeline.platform.PreverificationHelper mPreverificationHelper -> d
    com.facebook.imagepipeline.memory.BitmapPool mBitmapPool -> c
    java.lang.Class TAG -> a
    com.facebook.common.references.CloseableReference decodeFromEncodedImageWithColorSpace(com.facebook.imagepipeline.image.EncodedImage,android.graphics.Bitmap$Config,android.graphics.Rect,android.graphics.ColorSpace) -> a
    com.facebook.common.references.CloseableReference decodeFromStream(java.io.InputStream,android.graphics.BitmapFactory$Options,android.graphics.Rect,android.graphics.ColorSpace) -> a
    com.facebook.common.references.CloseableReference decodeJPEGFromEncodedImage(com.facebook.imagepipeline.image.EncodedImage,android.graphics.Bitmap$Config,android.graphics.Rect,int) -> a
    com.facebook.common.references.CloseableReference decodeJPEGFromEncodedImageWithColorSpace(com.facebook.imagepipeline.image.EncodedImage,android.graphics.Bitmap$Config,android.graphics.Rect,int,android.graphics.ColorSpace) -> a
    int getBitmapSize(int,int,android.graphics.BitmapFactory$Options) -> a
    android.graphics.BitmapFactory$Options getDecodeOptionsForStream(com.facebook.imagepipeline.image.EncodedImage,android.graphics.Bitmap$Config) -> a